{"C:\\Users\\HP\\Desktop\\smartpath\\frontend\\src\\App.js": {"path":"C:\\Users\\HP\\Desktop\\smartpath\\frontend\\src\\App.js","statementMap":{"0":{"start":{"line":27,"column":2},"end":{"line":90,"column":4}}},"fnMap":{"0":{"name":"App","decl":{"start":{"line":26,"column":9},"end":{"line":26,"column":12}},"loc":{"start":{"line":26,"column":15},"end":{"line":91,"column":1}},"line":26}},"branchMap":{},"s":{"0":0},"f":{"0":0},"b":{},"_coverageSchema":"1a1c01bbd47fc00a2c39e90264f33305004495a9","hash":"5bef6ecc75c1f8445bfc6a449d723441cbc578ed"}
,"C:\\Users\\HP\\Desktop\\smartpath\\frontend\\src\\index.js": {"path":"C:\\Users\\HP\\Desktop\\smartpath\\frontend\\src\\index.js","statementMap":{"0":{"start":{"line":6,"column":13},"end":{"line":6,"column":65}},"1":{"start":{"line":7,"column":0},"end":{"line":11,"column":2}}},"fnMap":{},"branchMap":{},"s":{"0":0,"1":0},"f":{},"b":{}}
,"C:\\Users\\HP\\Desktop\\smartpath\\frontend\\src\\components\\CourseCard.js": {"path":"C:\\Users\\HP\\Desktop\\smartpath\\frontend\\src\\components\\CourseCard.js","statementMap":{"0":{"start":{"line":8,"column":19},"end":{"line":31,"column":1}},"1":{"start":{"line":9,"column":4},"end":{"line":30,"column":6}}},"fnMap":{"0":{"name":"(anonymous_0)","decl":{"start":{"line":8,"column":19},"end":{"line":8,"column":20}},"loc":{"start":{"line":8,"column":35},"end":{"line":31,"column":1}},"line":8}},"branchMap":{"0":{"loc":{"start":{"line":19,"column":17},"end":{"line":21,"column":17}},"type":"binary-expr","locations":[{"start":{"line":19,"column":17},"end":{"line":19,"column":35}},{"start":{"line":20,"column":20},"end":{"line":20,"column":73}}],"line":19}},"s":{"0":1,"1":0},"f":{"0":0},"b":{"0":[0,0]},"_coverageSchema":"1a1c01bbd47fc00a2c39e90264f33305004495a9","hash":"8aea4447205c6187d41375b666d33d5e906269f9"}
,"C:\\Users\\HP\\Desktop\\smartpath\\frontend\\src\\components\\Footer.js": {"path":"C:\\Users\\HP\\Desktop\\smartpath\\frontend\\src\\components\\Footer.js","statementMap":{"0":{"start":{"line":7,"column":15},"end":{"line":50,"column":1}},"1":{"start":{"line":8,"column":4},"end":{"line":49,"column":6}}},"fnMap":{"0":{"name":"(anonymous_0)","decl":{"start":{"line":7,"column":15},"end":{"line":7,"column":16}},"loc":{"start":{"line":7,"column":21},"end":{"line":50,"column":1}},"line":7}},"branchMap":{},"s":{"0":1,"1":0},"f":{"0":0},"b":{},"_coverageSchema":"1a1c01bbd47fc00a2c39e90264f33305004495a9","hash":"5a9aeda4596054f48744b4940f983e66af8e497c"}
,"C:\\Users\\HP\\Desktop\\smartpath\\frontend\\src\\components\\Navbar.js": {"path":"C:\\Users\\HP\\Desktop\\smartpath\\frontend\\src\\components\\Navbar.js","statementMap":{"0":{"start":{"line":9,"column":15},"end":{"line":53,"column":1}},"1":{"start":{"line":10,"column":38},"end":{"line":10,"column":47}},"2":{"start":{"line":11,"column":21},"end":{"line":11,"column":34}},"3":{"start":{"line":13,"column":25},"end":{"line":16,"column":5}},"4":{"start":{"line":14,"column":8},"end":{"line":14,"column":17}},"5":{"start":{"line":15,"column":8},"end":{"line":15,"column":22}},"6":{"start":{"line":18,"column":4},"end":{"line":52,"column":6}}},"fnMap":{"0":{"name":"(anonymous_0)","decl":{"start":{"line":9,"column":15},"end":{"line":9,"column":16}},"loc":{"start":{"line":9,"column":21},"end":{"line":53,"column":1}},"line":9},"1":{"name":"(anonymous_1)","decl":{"start":{"line":13,"column":25},"end":{"line":13,"column":26}},"loc":{"start":{"line":13,"column":31},"end":{"line":16,"column":5}},"line":13}},"branchMap":{"0":{"loc":{"start":{"line":29,"column":21},"end":{"line":48,"column":21}},"type":"cond-expr","locations":[{"start":{"line":30,"column":24},"end":{"line":42,"column":27}},{"start":{"line":44,"column":24},"end":{"line":47,"column":27}}],"line":29},"1":{"loc":{"start":{"line":32,"column":29},"end":{"line":32,"column":81}},"type":"binary-expr","locations":[{"start":{"line":32,"column":29},"end":{"line":32,"column":38}},{"start":{"line":32,"column":42},"end":{"line":32,"column":81}}],"line":32}},"s":{"0":1,"1":0,"2":0,"3":0,"4":0,"5":0,"6":0},"f":{"0":0,"1":0},"b":{"0":[0,0],"1":[0,0]},"_coverageSchema":"1a1c01bbd47fc00a2c39e90264f33305004495a9","hash":"944b1bc0b18d06629b7b8d4d965629786d34ee2a"}
,"C:\\Users\\HP\\Desktop\\smartpath\\frontend\\src\\components\\ProtectedRoute.js": {"path":"C:\\Users\\HP\\Desktop\\smartpath\\frontend\\src\\components\\ProtectedRoute.js","statementMap":{"0":{"start":{"line":9,"column":23},"end":{"line":25,"column":1}},"1":{"start":{"line":10,"column":39},"end":{"line":10,"column":48}},"2":{"start":{"line":12,"column":4},"end":{"line":14,"column":5}},"3":{"start":{"line":13,"column":8},"end":{"line":13,"column":57}},"4":{"start":{"line":16,"column":4},"end":{"line":18,"column":5}},"5":{"start":{"line":17,"column":8},"end":{"line":17,"column":48}},"6":{"start":{"line":20,"column":4},"end":{"line":22,"column":5}},"7":{"start":{"line":21,"column":8},"end":{"line":21,"column":52}},"8":{"start":{"line":24,"column":4},"end":{"line":24,"column":20}}},"fnMap":{"0":{"name":"(anonymous_0)","decl":{"start":{"line":9,"column":23},"end":{"line":9,"column":24}},"loc":{"start":{"line":9,"column":60},"end":{"line":25,"column":1}},"line":9}},"branchMap":{"0":{"loc":{"start":{"line":9,"column":36},"end":{"line":9,"column":53}},"type":"default-arg","locations":[{"start":{"line":9,"column":48},"end":{"line":9,"column":53}}],"line":9},"1":{"loc":{"start":{"line":12,"column":4},"end":{"line":14,"column":5}},"type":"if","locations":[{"start":{"line":12,"column":4},"end":{"line":14,"column":5}},{"start":{},"end":{}}],"line":12},"2":{"loc":{"start":{"line":16,"column":4},"end":{"line":18,"column":5}},"type":"if","locations":[{"start":{"line":16,"column":4},"end":{"line":18,"column":5}},{"start":{},"end":{}}],"line":16},"3":{"loc":{"start":{"line":20,"column":4},"end":{"line":22,"column":5}},"type":"if","locations":[{"start":{"line":20,"column":4},"end":{"line":22,"column":5}},{"start":{},"end":{}}],"line":20},"4":{"loc":{"start":{"line":20,"column":8},"end":{"line":20,"column":31}},"type":"binary-expr","locations":[{"start":{"line":20,"column":8},"end":{"line":20,"column":17}},{"start":{"line":20,"column":21},"end":{"line":20,"column":31}}],"line":20}},"s":{"0":1,"1":0,"2":0,"3":0,"4":0,"5":0,"6":0,"7":0,"8":0},"f":{"0":0},"b":{"0":[0],"1":[0,0],"2":[0,0],"3":[0,0],"4":[0,0]},"_coverageSchema":"1a1c01bbd47fc00a2c39e90264f33305004495a9","hash":"8213caaadb579401841f0cb7eb6d41053c547259"}
,"C:\\Users\\HP\\Desktop\\smartpath\\frontend\\src\\components\\QuizCard.js": {"path":"C:\\Users\\HP\\Desktop\\smartpath\\frontend\\src\\components\\QuizCard.js","statementMap":{"0":{"start":{"line":8,"column":17},"end":{"line":31,"column":1}},"1":{"start":{"line":9,"column":4},"end":{"line":30,"column":6}}},"fnMap":{"0":{"name":"(anonymous_0)","decl":{"start":{"line":8,"column":17},"end":{"line":8,"column":18}},"loc":{"start":{"line":8,"column":31},"end":{"line":31,"column":1}},"line":8}},"branchMap":{"0":{"loc":{"start":{"line":19,"column":17},"end":{"line":21,"column":17}},"type":"binary-expr","locations":[{"start":{"line":19,"column":17},"end":{"line":19,"column":34}},{"start":{"line":20,"column":20},"end":{"line":20,"column":76}}],"line":19}},"s":{"0":1,"1":0},"f":{"0":0},"b":{"0":[0,0]},"_coverageSchema":"1a1c01bbd47fc00a2c39e90264f33305004495a9","hash":"00d201ce3534a83430b254915f14b3d1689dd966"}
,"C:\\Users\\HP\\Desktop\\smartpath\\frontend\\src\\context\\AuthContext.js": {"path":"C:\\Users\\HP\\Desktop\\smartpath\\frontend\\src\\context\\AuthContext.js","statementMap":{"0":{"start":{"line":8,"column":20},"end":{"line":8,"column":39}},"1":{"start":{"line":10,"column":23},"end":{"line":16,"column":1}},"2":{"start":{"line":11,"column":20},"end":{"line":11,"column":43}},"3":{"start":{"line":12,"column":4},"end":{"line":14,"column":5}},"4":{"start":{"line":13,"column":8},"end":{"line":13,"column":71}},"5":{"start":{"line":15,"column":4},"end":{"line":15,"column":19}},"6":{"start":{"line":18,"column":28},"end":{"line":107,"column":1}},"7":{"start":{"line":19,"column":28},"end":{"line":19,"column":42}},"8":{"start":{"line":20,"column":34},"end":{"line":20,"column":48}},"9":{"start":{"line":21,"column":30},"end":{"line":21,"column":44}},"10":{"start":{"line":24,"column":4},"end":{"line":34,"column":11}},"11":{"start":{"line":25,"column":27},"end":{"line":25,"column":55}},"12":{"start":{"line":26,"column":8},"end":{"line":32,"column":9}},"13":{"start":{"line":27,"column":12},"end":{"line":31,"column":13}},"14":{"start":{"line":28,"column":16},"end":{"line":28,"column":48}},"15":{"start":{"line":30,"column":16},"end":{"line":30,"column":48}},"16":{"start":{"line":33,"column":8},"end":{"line":33,"column":26}},"17":{"start":{"line":37,"column":4},"end":{"line":43,"column":15}},"18":{"start":{"line":38,"column":8},"end":{"line":42,"column":9}},"19":{"start":{"line":39,"column":12},"end":{"line":39,"column":63}},"20":{"start":{"line":41,"column":12},"end":{"line":41,"column":44}},"21":{"start":{"line":45,"column":21},"end":{"line":55,"column":5}},"22":{"start":{"line":46,"column":8},"end":{"line":54,"column":9}},"23":{"start":{"line":47,"column":12},"end":{"line":47,"column":27}},"24":{"start":{"line":48,"column":29},"end":{"line":48,"column":74}},"25":{"start":{"line":49,"column":12},"end":{"line":49,"column":35}},"26":{"start":{"line":50,"column":12},"end":{"line":50,"column":58}},"27":{"start":{"line":52,"column":12},"end":{"line":52,"column":34}},"28":{"start":{"line":53,"column":12},"end":{"line":53,"column":58}},"29":{"start":{"line":57,"column":18},"end":{"line":67,"column":5}},"30":{"start":{"line":58,"column":8},"end":{"line":66,"column":9}},"31":{"start":{"line":59,"column":12},"end":{"line":59,"column":27}},"32":{"start":{"line":60,"column":29},"end":{"line":60,"column":65}},"33":{"start":{"line":61,"column":12},"end":{"line":61,"column":35}},"34":{"start":{"line":62,"column":12},"end":{"line":62,"column":58}},"35":{"start":{"line":64,"column":12},"end":{"line":64,"column":34}},"36":{"start":{"line":65,"column":12},"end":{"line":65,"column":58}},"37":{"start":{"line":69,"column":19},"end":{"line":72,"column":5}},"38":{"start":{"line":70,"column":8},"end":{"line":70,"column":22}},"39":{"start":{"line":71,"column":8},"end":{"line":71,"column":23}},"40":{"start":{"line":74,"column":26},"end":{"line":84,"column":5}},"41":{"start":{"line":75,"column":8},"end":{"line":83,"column":9}},"42":{"start":{"line":76,"column":12},"end":{"line":76,"column":27}},"43":{"start":{"line":77,"column":29},"end":{"line":77,"column":59}},"44":{"start":{"line":78,"column":12},"end":{"line":78,"column":35}},"45":{"start":{"line":79,"column":12},"end":{"line":79,"column":58}},"46":{"start":{"line":81,"column":12},"end":{"line":81,"column":34}},"47":{"start":{"line":82,"column":12},"end":{"line":82,"column":58}},"48":{"start":{"line":86,"column":20},"end":{"line":88,"column":5}},"49":{"start":{"line":87,"column":8},"end":{"line":87,"column":45}},"50":{"start":{"line":90,"column":28},"end":{"line":92,"column":5}},"51":{"start":{"line":91,"column":8},"end":{"line":91,"column":22}},"52":{"start":{"line":94,"column":18},"end":{"line":104,"column":5}},"53":{"start":{"line":106,"column":4},"end":{"line":106,"column":81}}},"fnMap":{"0":{"name":"(anonymous_0)","decl":{"start":{"line":10,"column":23},"end":{"line":10,"column":24}},"loc":{"start":{"line":10,"column":29},"end":{"line":16,"column":1}},"line":10},"1":{"name":"(anonymous_1)","decl":{"start":{"line":18,"column":28},"end":{"line":18,"column":29}},"loc":{"start":{"line":18,"column":46},"end":{"line":107,"column":1}},"line":18},"2":{"name":"(anonymous_2)","decl":{"start":{"line":24,"column":14},"end":{"line":24,"column":15}},"loc":{"start":{"line":24,"column":20},"end":{"line":34,"column":5}},"line":24},"3":{"name":"(anonymous_3)","decl":{"start":{"line":37,"column":14},"end":{"line":37,"column":15}},"loc":{"start":{"line":37,"column":20},"end":{"line":43,"column":5}},"line":37},"4":{"name":"(anonymous_4)","decl":{"start":{"line":45,"column":21},"end":{"line":45,"column":22}},"loc":{"start":{"line":45,"column":54},"end":{"line":55,"column":5}},"line":45},"5":{"name":"(anonymous_5)","decl":{"start":{"line":57,"column":18},"end":{"line":57,"column":19}},"loc":{"start":{"line":57,"column":45},"end":{"line":67,"column":5}},"line":57},"6":{"name":"(anonymous_6)","decl":{"start":{"line":69,"column":19},"end":{"line":69,"column":20}},"loc":{"start":{"line":69,"column":25},"end":{"line":72,"column":5}},"line":69},"7":{"name":"(anonymous_7)","decl":{"start":{"line":74,"column":26},"end":{"line":74,"column":27}},"loc":{"start":{"line":74,"column":42},"end":{"line":84,"column":5}},"line":74},"8":{"name":"(anonymous_8)","decl":{"start":{"line":86,"column":20},"end":{"line":86,"column":21}},"loc":{"start":{"line":86,"column":26},"end":{"line":88,"column":5}},"line":86},"9":{"name":"(anonymous_9)","decl":{"start":{"line":90,"column":28},"end":{"line":90,"column":29}},"loc":{"start":{"line":90,"column":34},"end":{"line":92,"column":5}},"line":90}},"branchMap":{"0":{"loc":{"start":{"line":12,"column":4},"end":{"line":14,"column":5}},"type":"if","locations":[{"start":{"line":12,"column":4},"end":{"line":14,"column":5}},{"start":{},"end":{}}],"line":12},"1":{"loc":{"start":{"line":26,"column":8},"end":{"line":32,"column":9}},"type":"if","locations":[{"start":{"line":26,"column":8},"end":{"line":32,"column":9}},{"start":{},"end":{}}],"line":26},"2":{"loc":{"start":{"line":38,"column":8},"end":{"line":42,"column":9}},"type":"if","locations":[{"start":{"line":38,"column":8},"end":{"line":42,"column":9}},{"start":{"line":40,"column":15},"end":{"line":42,"column":9}}],"line":38},"3":{"loc":{"start":{"line":87,"column":15},"end":{"line":87,"column":44}},"type":"binary-expr","locations":[{"start":{"line":87,"column":15},"end":{"line":87,"column":19}},{"start":{"line":87,"column":23},"end":{"line":87,"column":44}}],"line":87}},"s":{"0":1,"1":1,"2":0,"3":0,"4":0,"5":0,"6":1,"7":0,"8":0,"9":0,"10":0,"11":0,"12":0,"13":0,"14":0,"15":0,"16":0,"17":0,"18":0,"19":0,"20":0,"21":0,"22":0,"23":0,"24":0,"25":0,"26":0,"27":0,"28":0,"29":0,"30":0,"31":0,"32":0,"33":0,"34":0,"35":0,"36":0,"37":0,"38":0,"39":0,"40":0,"41":0,"42":0,"43":0,"44":0,"45":0,"46":0,"47":0,"48":0,"49":0,"50":0,"51":0,"52":0,"53":0},"f":{"0":0,"1":0,"2":0,"3":0,"4":0,"5":0,"6":0,"7":0,"8":0,"9":0},"b":{"0":[0,0],"1":[0,0],"2":[0,0],"3":[0,0]},"_coverageSchema":"1a1c01bbd47fc00a2c39e90264f33305004495a9","hash":"da8c2e3511ec67a6d4a26a642708ba90f5c81680"}
,"C:\\Users\\HP\\Desktop\\smartpath\\frontend\\src\\pages\\Admin.js": {"path":"C:\\Users\\HP\\Desktop\\smartpath\\frontend\\src\\pages\\Admin.js","statementMap":{"0":{"start":{"line":8,"column":14},"end":{"line":354,"column":1}},"1":{"start":{"line":9,"column":30},"end":{"line":9,"column":44}},"2":{"start":{"line":10,"column":30},"end":{"line":10,"column":42}},"3":{"start":{"line":11,"column":38},"end":{"line":11,"column":58}},"4":{"start":{"line":12,"column":34},"end":{"line":12,"column":48}},"5":{"start":{"line":15,"column":40},"end":{"line":20,"column":6}},"6":{"start":{"line":23,"column":36},"end":{"line":28,"column":6}},"7":{"start":{"line":30,"column":4},"end":{"line":32,"column":11}},"8":{"start":{"line":31,"column":8},"end":{"line":31,"column":24}},"9":{"start":{"line":34,"column":26},"end":{"line":48,"column":5}},"10":{"start":{"line":35,"column":8},"end":{"line":47,"column":9}},"11":{"start":{"line":36,"column":43},"end":{"line":39,"column":14}},"12":{"start":{"line":41,"column":12},"end":{"line":41,"column":38}},"13":{"start":{"line":42,"column":12},"end":{"line":42,"column":38}},"14":{"start":{"line":44,"column":12},"end":{"line":44,"column":62}},"15":{"start":{"line":46,"column":12},"end":{"line":46,"column":30}},"16":{"start":{"line":50,"column":31},"end":{"line":59,"column":5}},"17":{"start":{"line":51,"column":8},"end":{"line":51,"column":27}},"18":{"start":{"line":52,"column":8},"end":{"line":58,"column":9}},"19":{"start":{"line":53,"column":12},"end":{"line":53,"column":47}},"20":{"start":{"line":54,"column":12},"end":{"line":54,"column":50}},"21":{"start":{"line":55,"column":12},"end":{"line":55,"column":85}},"22":{"start":{"line":57,"column":12},"end":{"line":57,"column":61}},"23":{"start":{"line":61,"column":33},"end":{"line":63,"column":5}},"24":{"start":{"line":62,"column":8},"end":{"line":62,"column":70}},"25":{"start":{"line":65,"column":24},"end":{"line":80,"column":5}},"26":{"start":{"line":66,"column":8},"end":{"line":79,"column":11}},"27":{"start":{"line":82,"column":27},"end":{"line":86,"column":5}},"28":{"start":{"line":83,"column":29},"end":{"line":83,"column":52}},"29":{"start":{"line":84,"column":8},"end":{"line":84,"column":43}},"30":{"start":{"line":85,"column":8},"end":{"line":85,"column":62}},"31":{"start":{"line":88,"column":27},"end":{"line":91,"column":5}},"32":{"start":{"line":89,"column":29},"end":{"line":89,"column":77}},"33":{"start":{"line":89,"column":65},"end":{"line":89,"column":76}},"34":{"start":{"line":90,"column":8},"end":{"line":90,"column":62}},"35":{"start":{"line":93,"column":29},"end":{"line":106,"column":5}},"36":{"start":{"line":94,"column":8},"end":{"line":94,"column":27}},"37":{"start":{"line":95,"column":8},"end":{"line":98,"column":9}},"38":{"start":{"line":96,"column":12},"end":{"line":96,"column":54}},"39":{"start":{"line":97,"column":12},"end":{"line":97,"column":19}},"40":{"start":{"line":99,"column":8},"end":{"line":105,"column":9}},"41":{"start":{"line":100,"column":12},"end":{"line":100,"column":43}},"42":{"start":{"line":101,"column":12},"end":{"line":101,"column":48}},"43":{"start":{"line":102,"column":12},"end":{"line":102,"column":86}},"44":{"start":{"line":104,"column":12},"end":{"line":104,"column":59}},"45":{"start":{"line":108,"column":4},"end":{"line":110,"column":5}},"46":{"start":{"line":109,"column":8},"end":{"line":109,"column":69}},"47":{"start":{"line":112,"column":4},"end":{"line":353,"column":6}},"48":{"start":{"line":119,"column":35},"end":{"line":119,"column":59}},"49":{"start":{"line":125,"column":35},"end":{"line":125,"column":58}},"50":{"start":{"line":131,"column":35},"end":{"line":131,"column":58}},"51":{"start":{"line":137,"column":35},"end":{"line":137,"column":56}},"52":{"start":{"line":179,"column":49},"end":{"line":179,"column":104}},"53":{"start":{"line":189,"column":49},"end":{"line":189,"column":107}},"54":{"start":{"line":198,"column":49},"end":{"line":198,"column":110}},"55":{"start":{"line":208,"column":49},"end":{"line":208,"column":106}},"56":{"start":{"line":259,"column":32},"end":{"line":309,"column":38}},"57":{"start":{"line":265,"column":57},"end":{"line":265,"column":111}},"58":{"start":{"line":272,"column":57},"end":{"line":272,"column":106}},"59":{"start":{"line":279,"column":57},"end":{"line":279,"column":106}},"60":{"start":{"line":286,"column":57},"end":{"line":286,"column":106}},"61":{"start":{"line":293,"column":57},"end":{"line":293,"column":106}},"62":{"start":{"line":298,"column":57},"end":{"line":298,"column":112}},"63":{"start":{"line":306,"column":73},"end":{"line":306,"column":94}},"64":{"start":{"line":337,"column":36},"end":{"line":345,"column":41}}},"fnMap":{"0":{"name":"(anonymous_0)","decl":{"start":{"line":8,"column":14},"end":{"line":8,"column":15}},"loc":{"start":{"line":8,"column":20},"end":{"line":354,"column":1}},"line":8},"1":{"name":"(anonymous_1)","decl":{"start":{"line":30,"column":14},"end":{"line":30,"column":15}},"loc":{"start":{"line":30,"column":20},"end":{"line":32,"column":5}},"line":30},"2":{"name":"(anonymous_2)","decl":{"start":{"line":34,"column":26},"end":{"line":34,"column":27}},"loc":{"start":{"line":34,"column":38},"end":{"line":48,"column":5}},"line":34},"3":{"name":"(anonymous_3)","decl":{"start":{"line":50,"column":31},"end":{"line":50,"column":32}},"loc":{"start":{"line":50,"column":44},"end":{"line":59,"column":5}},"line":50},"4":{"name":"(anonymous_4)","decl":{"start":{"line":61,"column":33},"end":{"line":61,"column":34}},"loc":{"start":{"line":61,"column":40},"end":{"line":63,"column":5}},"line":61},"5":{"name":"(anonymous_5)","decl":{"start":{"line":65,"column":24},"end":{"line":65,"column":25}},"loc":{"start":{"line":65,"column":30},"end":{"line":80,"column":5}},"line":65},"6":{"name":"(anonymous_6)","decl":{"start":{"line":82,"column":27},"end":{"line":82,"column":28}},"loc":{"start":{"line":82,"column":52},"end":{"line":86,"column":5}},"line":82},"7":{"name":"(anonymous_7)","decl":{"start":{"line":88,"column":27},"end":{"line":88,"column":28}},"loc":{"start":{"line":88,"column":38},"end":{"line":91,"column":5}},"line":88},"8":{"name":"(anonymous_8)","decl":{"start":{"line":89,"column":55},"end":{"line":89,"column":56}},"loc":{"start":{"line":89,"column":65},"end":{"line":89,"column":76}},"line":89},"9":{"name":"(anonymous_9)","decl":{"start":{"line":93,"column":29},"end":{"line":93,"column":30}},"loc":{"start":{"line":93,"column":42},"end":{"line":106,"column":5}},"line":93},"10":{"name":"(anonymous_10)","decl":{"start":{"line":119,"column":29},"end":{"line":119,"column":30}},"loc":{"start":{"line":119,"column":35},"end":{"line":119,"column":59}},"line":119},"11":{"name":"(anonymous_11)","decl":{"start":{"line":125,"column":29},"end":{"line":125,"column":30}},"loc":{"start":{"line":125,"column":35},"end":{"line":125,"column":58}},"line":125},"12":{"name":"(anonymous_12)","decl":{"start":{"line":131,"column":29},"end":{"line":131,"column":30}},"loc":{"start":{"line":131,"column":35},"end":{"line":131,"column":58}},"line":131},"13":{"name":"(anonymous_13)","decl":{"start":{"line":137,"column":29},"end":{"line":137,"column":30}},"loc":{"start":{"line":137,"column":35},"end":{"line":137,"column":56}},"line":137},"14":{"name":"(anonymous_14)","decl":{"start":{"line":179,"column":42},"end":{"line":179,"column":43}},"loc":{"start":{"line":179,"column":49},"end":{"line":179,"column":104}},"line":179},"15":{"name":"(anonymous_15)","decl":{"start":{"line":189,"column":42},"end":{"line":189,"column":43}},"loc":{"start":{"line":189,"column":49},"end":{"line":189,"column":107}},"line":189},"16":{"name":"(anonymous_16)","decl":{"start":{"line":198,"column":42},"end":{"line":198,"column":43}},"loc":{"start":{"line":198,"column":49},"end":{"line":198,"column":110}},"line":198},"17":{"name":"(anonymous_17)","decl":{"start":{"line":208,"column":42},"end":{"line":208,"column":43}},"loc":{"start":{"line":208,"column":49},"end":{"line":208,"column":106}},"line":208},"18":{"name":"(anonymous_18)","decl":{"start":{"line":258,"column":52},"end":{"line":258,"column":53}},"loc":{"start":{"line":259,"column":32},"end":{"line":309,"column":38}},"line":259},"19":{"name":"(anonymous_19)","decl":{"start":{"line":265,"column":50},"end":{"line":265,"column":51}},"loc":{"start":{"line":265,"column":57},"end":{"line":265,"column":111}},"line":265},"20":{"name":"(anonymous_20)","decl":{"start":{"line":272,"column":50},"end":{"line":272,"column":51}},"loc":{"start":{"line":272,"column":57},"end":{"line":272,"column":106}},"line":272},"21":{"name":"(anonymous_21)","decl":{"start":{"line":279,"column":50},"end":{"line":279,"column":51}},"loc":{"start":{"line":279,"column":57},"end":{"line":279,"column":106}},"line":279},"22":{"name":"(anonymous_22)","decl":{"start":{"line":286,"column":50},"end":{"line":286,"column":51}},"loc":{"start":{"line":286,"column":57},"end":{"line":286,"column":106}},"line":286},"23":{"name":"(anonymous_23)","decl":{"start":{"line":293,"column":50},"end":{"line":293,"column":51}},"loc":{"start":{"line":293,"column":57},"end":{"line":293,"column":106}},"line":293},"24":{"name":"(anonymous_24)","decl":{"start":{"line":298,"column":50},"end":{"line":298,"column":51}},"loc":{"start":{"line":298,"column":57},"end":{"line":298,"column":112}},"line":298},"25":{"name":"(anonymous_25)","decl":{"start":{"line":306,"column":67},"end":{"line":306,"column":68}},"loc":{"start":{"line":306,"column":73},"end":{"line":306,"column":94}},"line":306},"26":{"name":"(anonymous_26)","decl":{"start":{"line":336,"column":43},"end":{"line":336,"column":44}},"loc":{"start":{"line":337,"column":36},"end":{"line":345,"column":41}},"line":337}},"branchMap":{"0":{"loc":{"start":{"line":95,"column":8},"end":{"line":98,"column":9}},"type":"if","locations":[{"start":{"line":95,"column":8},"end":{"line":98,"column":9}},{"start":{},"end":{}}],"line":95},"1":{"loc":{"start":{"line":108,"column":4},"end":{"line":110,"column":5}},"type":"if","locations":[{"start":{"line":108,"column":4},"end":{"line":110,"column":5}},{"start":{},"end":{}}],"line":108},"2":{"loc":{"start":{"line":118,"column":31},"end":{"line":118,"column":71}},"type":"cond-expr","locations":[{"start":{"line":118,"column":58},"end":{"line":118,"column":66}},{"start":{"line":118,"column":69},"end":{"line":118,"column":71}}],"line":118},"3":{"loc":{"start":{"line":124,"column":31},"end":{"line":124,"column":70}},"type":"cond-expr","locations":[{"start":{"line":124,"column":57},"end":{"line":124,"column":65}},{"start":{"line":124,"column":68},"end":{"line":124,"column":70}}],"line":124},"4":{"loc":{"start":{"line":130,"column":31},"end":{"line":130,"column":70}},"type":"cond-expr","locations":[{"start":{"line":130,"column":57},"end":{"line":130,"column":65}},{"start":{"line":130,"column":68},"end":{"line":130,"column":70}}],"line":130},"5":{"loc":{"start":{"line":136,"column":31},"end":{"line":136,"column":68}},"type":"cond-expr","locations":[{"start":{"line":136,"column":55},"end":{"line":136,"column":63}},{"start":{"line":136,"column":66},"end":{"line":136,"column":68}}],"line":136},"6":{"loc":{"start":{"line":143,"column":13},"end":{"line":168,"column":13}},"type":"binary-expr","locations":[{"start":{"line":143,"column":13},"end":{"line":143,"column":37}},{"start":{"line":143,"column":41},"end":{"line":143,"column":46}},{"start":{"line":144,"column":16},"end":{"line":167,"column":22}}],"line":143},"7":{"loc":{"start":{"line":170,"column":13},"end":{"line":217,"column":13}},"type":"binary-expr","locations":[{"start":{"line":170,"column":13},"end":{"line":170,"column":36}},{"start":{"line":171,"column":16},"end":{"line":216,"column":22}}],"line":170},"8":{"loc":{"start":{"line":219,"column":13},"end":{"line":319,"column":13}},"type":"binary-expr","locations":[{"start":{"line":219,"column":13},"end":{"line":219,"column":36}},{"start":{"line":220,"column":16},"end":{"line":318,"column":22}}],"line":219},"9":{"loc":{"start":{"line":321,"column":13},"end":{"line":351,"column":13}},"type":"binary-expr","locations":[{"start":{"line":321,"column":13},"end":{"line":321,"column":34}},{"start":{"line":322,"column":16},"end":{"line":350,"column":22}}],"line":321}},"s":{"0":1,"1":0,"2":0,"3":0,"4":0,"5":0,"6":0,"7":0,"8":0,"9":0,"10":0,"11":0,"12":0,"13":0,"14":0,"15":0,"16":0,"17":0,"18":0,"19":0,"20":0,"21":0,"22":0,"23":0,"24":0,"25":0,"26":0,"27":0,"28":0,"29":0,"30":0,"31":0,"32":0,"33":0,"34":0,"35":0,"36":0,"37":0,"38":0,"39":0,"40":0,"41":0,"42":0,"43":0,"44":0,"45":0,"46":0,"47":0,"48":0,"49":0,"50":0,"51":0,"52":0,"53":0,"54":0,"55":0,"56":0,"57":0,"58":0,"59":0,"60":0,"61":0,"62":0,"63":0,"64":0},"f":{"0":0,"1":0,"2":0,"3":0,"4":0,"5":0,"6":0,"7":0,"8":0,"9":0,"10":0,"11":0,"12":0,"13":0,"14":0,"15":0,"16":0,"17":0,"18":0,"19":0,"20":0,"21":0,"22":0,"23":0,"24":0,"25":0,"26":0},"b":{"0":[0,0],"1":[0,0],"2":[0,0],"3":[0,0],"4":[0,0],"5":[0,0],"6":[0,0,0],"7":[0,0],"8":[0,0],"9":[0,0]},"_coverageSchema":"1a1c01bbd47fc00a2c39e90264f33305004495a9","hash":"3bfd5d22a8cdd4521775b76a8ad4c80540a13f2a"}
,"C:\\Users\\HP\\Desktop\\smartpath\\frontend\\src\\pages\\CourseDetail.js": {"path":"C:\\Users\\HP\\Desktop\\smartpath\\frontend\\src\\pages\\CourseDetail.js","statementMap":{"0":{"start":{"line":10,"column":21},"end":{"line":83,"column":1}},"1":{"start":{"line":11,"column":19},"end":{"line":11,"column":30}},"2":{"start":{"line":12,"column":32},"end":{"line":12,"column":46}},"3":{"start":{"line":13,"column":34},"end":{"line":13,"column":46}},"4":{"start":{"line":14,"column":34},"end":{"line":14,"column":48}},"5":{"start":{"line":16,"column":4},"end":{"line":18,"column":13}},"6":{"start":{"line":17,"column":8},"end":{"line":17,"column":25}},"7":{"start":{"line":20,"column":27},"end":{"line":38,"column":5}},"8":{"start":{"line":21,"column":8},"end":{"line":37,"column":9}},"9":{"start":{"line":22,"column":46},"end":{"line":25,"column":14}},"10":{"start":{"line":27,"column":12},"end":{"line":27,"column":41}},"11":{"start":{"line":29,"column":34},"end":{"line":31,"column":13}},"12":{"start":{"line":30,"column":21},"end":{"line":30,"column":49}},"13":{"start":{"line":32,"column":12},"end":{"line":32,"column":38}},"14":{"start":{"line":34,"column":12},"end":{"line":34,"column":58}},"15":{"start":{"line":36,"column":12},"end":{"line":36,"column":30}},"16":{"start":{"line":40,"column":4},"end":{"line":42,"column":5}},"17":{"start":{"line":41,"column":8},"end":{"line":41,"column":64}},"18":{"start":{"line":44,"column":4},"end":{"line":46,"column":5}},"19":{"start":{"line":45,"column":8},"end":{"line":45,"column":62}},"20":{"start":{"line":48,"column":4},"end":{"line":82,"column":6}},"21":{"start":{"line":73,"column":32},"end":{"line":73,"column":70}}},"fnMap":{"0":{"name":"(anonymous_0)","decl":{"start":{"line":10,"column":21},"end":{"line":10,"column":22}},"loc":{"start":{"line":10,"column":27},"end":{"line":83,"column":1}},"line":10},"1":{"name":"(anonymous_1)","decl":{"start":{"line":16,"column":14},"end":{"line":16,"column":15}},"loc":{"start":{"line":16,"column":20},"end":{"line":18,"column":5}},"line":16},"2":{"name":"(anonymous_2)","decl":{"start":{"line":20,"column":27},"end":{"line":20,"column":28}},"loc":{"start":{"line":20,"column":39},"end":{"line":38,"column":5}},"line":20},"3":{"name":"(anonymous_3)","decl":{"start":{"line":30,"column":16},"end":{"line":30,"column":17}},"loc":{"start":{"line":30,"column":21},"end":{"line":30,"column":49}},"line":30},"4":{"name":"(anonymous_4)","decl":{"start":{"line":72,"column":41},"end":{"line":72,"column":42}},"loc":{"start":{"line":73,"column":32},"end":{"line":73,"column":70}},"line":73}},"branchMap":{"0":{"loc":{"start":{"line":40,"column":4},"end":{"line":42,"column":5}},"type":"if","locations":[{"start":{"line":40,"column":4},"end":{"line":42,"column":5}},{"start":{},"end":{}}],"line":40},"1":{"loc":{"start":{"line":44,"column":4},"end":{"line":46,"column":5}},"type":"if","locations":[{"start":{"line":44,"column":4},"end":{"line":46,"column":5}},{"start":{},"end":{}}],"line":44},"2":{"loc":{"start":{"line":70,"column":21},"end":{"line":78,"column":21}},"type":"cond-expr","locations":[{"start":{"line":71,"column":24},"end":{"line":75,"column":30}},{"start":{"line":77,"column":24},"end":{"line":77,"column":98}}],"line":70}},"s":{"0":1,"1":0,"2":0,"3":0,"4":0,"5":0,"6":0,"7":0,"8":0,"9":0,"10":0,"11":0,"12":0,"13":0,"14":0,"15":0,"16":0,"17":0,"18":0,"19":0,"20":0,"21":0},"f":{"0":0,"1":0,"2":0,"3":0,"4":0},"b":{"0":[0,0],"1":[0,0],"2":[0,0]},"_coverageSchema":"1a1c01bbd47fc00a2c39e90264f33305004495a9","hash":"41c2a125676967b00578982c66362431de63a08b"}
,"C:\\Users\\HP\\Desktop\\smartpath\\frontend\\src\\pages\\Courses.js": {"path":"C:\\Users\\HP\\Desktop\\smartpath\\frontend\\src\\pages\\Courses.js","statementMap":{"0":{"start":{"line":9,"column":16},"end":{"line":81,"column":1}},"1":{"start":{"line":10,"column":34},"end":{"line":10,"column":46}},"2":{"start":{"line":11,"column":50},"end":{"line":11,"column":62}},"3":{"start":{"line":12,"column":52},"end":{"line":12,"column":67}},"4":{"start":{"line":13,"column":34},"end":{"line":13,"column":48}},"5":{"start":{"line":15,"column":4},"end":{"line":17,"column":11}},"6":{"start":{"line":16,"column":8},"end":{"line":16,"column":22}},"7":{"start":{"line":19,"column":24},"end":{"line":29,"column":5}},"8":{"start":{"line":20,"column":8},"end":{"line":28,"column":9}},"9":{"start":{"line":21,"column":25},"end":{"line":21,"column":49}},"10":{"start":{"line":22,"column":12},"end":{"line":22,"column":43}},"11":{"start":{"line":23,"column":12},"end":{"line":23,"column":51}},"12":{"start":{"line":25,"column":12},"end":{"line":25,"column":59}},"13":{"start":{"line":27,"column":12},"end":{"line":27,"column":30}},"14":{"start":{"line":31,"column":23},"end":{"line":31,"column":72}},"15":{"start":{"line":31,"column":59},"end":{"line":31,"column":69}},"16":{"start":{"line":33,"column":29},"end":{"line":40,"column":5}},"17":{"start":{"line":34,"column":8},"end":{"line":34,"column":38}},"18":{"start":{"line":35,"column":8},"end":{"line":39,"column":9}},"19":{"start":{"line":36,"column":12},"end":{"line":36,"column":40}},"20":{"start":{"line":38,"column":12},"end":{"line":38,"column":77}},"21":{"start":{"line":38,"column":51},"end":{"line":38,"column":74}},"22":{"start":{"line":42,"column":4},"end":{"line":44,"column":5}},"23":{"start":{"line":43,"column":8},"end":{"line":43,"column":65}},"24":{"start":{"line":46,"column":4},"end":{"line":80,"column":6}},"25":{"start":{"line":57,"column":24},"end":{"line":63,"column":33}},"26":{"start":{"line":60,"column":43},"end":{"line":60,"column":69}},"27":{"start":{"line":70,"column":20},"end":{"line":70,"column":66}}},"fnMap":{"0":{"name":"(anonymous_0)","decl":{"start":{"line":9,"column":16},"end":{"line":9,"column":17}},"loc":{"start":{"line":9,"column":22},"end":{"line":81,"column":1}},"line":9},"1":{"name":"(anonymous_1)","decl":{"start":{"line":15,"column":14},"end":{"line":15,"column":15}},"loc":{"start":{"line":15,"column":20},"end":{"line":17,"column":5}},"line":15},"2":{"name":"(anonymous_2)","decl":{"start":{"line":19,"column":24},"end":{"line":19,"column":25}},"loc":{"start":{"line":19,"column":36},"end":{"line":29,"column":5}},"line":19},"3":{"name":"(anonymous_3)","decl":{"start":{"line":31,"column":54},"end":{"line":31,"column":55}},"loc":{"start":{"line":31,"column":59},"end":{"line":31,"column":69}},"line":31},"4":{"name":"(anonymous_4)","decl":{"start":{"line":33,"column":29},"end":{"line":33,"column":30}},"loc":{"start":{"line":33,"column":43},"end":{"line":40,"column":5}},"line":33},"5":{"name":"(anonymous_5)","decl":{"start":{"line":38,"column":46},"end":{"line":38,"column":47}},"loc":{"start":{"line":38,"column":51},"end":{"line":38,"column":74}},"line":38},"6":{"name":"(anonymous_6)","decl":{"start":{"line":56,"column":36},"end":{"line":56,"column":37}},"loc":{"start":{"line":57,"column":24},"end":{"line":63,"column":33}},"line":57},"7":{"name":"(anonymous_7)","decl":{"start":{"line":60,"column":37},"end":{"line":60,"column":38}},"loc":{"start":{"line":60,"column":43},"end":{"line":60,"column":69}},"line":60},"8":{"name":"(anonymous_8)","decl":{"start":{"line":69,"column":37},"end":{"line":69,"column":38}},"loc":{"start":{"line":70,"column":20},"end":{"line":70,"column":66}},"line":70}},"branchMap":{"0":{"loc":{"start":{"line":22,"column":23},"end":{"line":22,"column":41}},"type":"binary-expr","locations":[{"start":{"line":22,"column":23},"end":{"line":22,"column":35}},{"start":{"line":22,"column":39},"end":{"line":22,"column":41}}],"line":22},"1":{"loc":{"start":{"line":23,"column":31},"end":{"line":23,"column":49}},"type":"binary-expr","locations":[{"start":{"line":23,"column":31},"end":{"line":23,"column":43}},{"start":{"line":23,"column":47},"end":{"line":23,"column":49}}],"line":23},"2":{"loc":{"start":{"line":35,"column":8},"end":{"line":39,"column":9}},"type":"if","locations":[{"start":{"line":35,"column":8},"end":{"line":39,"column":9}},{"start":{"line":37,"column":15},"end":{"line":39,"column":9}}],"line":35},"3":{"loc":{"start":{"line":42,"column":4},"end":{"line":44,"column":5}},"type":"if","locations":[{"start":{"line":42,"column":4},"end":{"line":44,"column":5}},{"start":{},"end":{}}],"line":42},"4":{"loc":{"start":{"line":59,"column":53},"end":{"line":59,"column":98}},"type":"cond-expr","locations":[{"start":{"line":59,"column":85},"end":{"line":59,"column":93}},{"start":{"line":59,"column":96},"end":{"line":59,"column":98}}],"line":59},"5":{"loc":{"start":{"line":74,"column":13},"end":{"line":78,"column":13}},"type":"binary-expr","locations":[{"start":{"line":74,"column":13},"end":{"line":74,"column":41}},{"start":{"line":75,"column":16},"end":{"line":77,"column":22}}],"line":74}},"s":{"0":1,"1":0,"2":0,"3":0,"4":0,"5":0,"6":0,"7":0,"8":0,"9":0,"10":0,"11":0,"12":0,"13":0,"14":0,"15":0,"16":0,"17":0,"18":0,"19":0,"20":0,"21":0,"22":0,"23":0,"24":0,"25":0,"26":0,"27":0},"f":{"0":0,"1":0,"2":0,"3":0,"4":0,"5":0,"6":0,"7":0,"8":0},"b":{"0":[0,0],"1":[0,0],"2":[0,0],"3":[0,0],"4":[0,0],"5":[0,0]},"_coverageSchema":"1a1c01bbd47fc00a2c39e90264f33305004495a9","hash":"52a54c1c4cf4d1d0f3eb5c2effd799fcfaa01927"}
,"C:\\Users\\HP\\Desktop\\smartpath\\frontend\\src\\pages\\Dashboard.js": {"path":"C:\\Users\\HP\\Desktop\\smartpath\\frontend\\src\\pages\\Dashboard.js","statementMap":{"0":{"start":{"line":11,"column":18},"end":{"line":107,"column":1}},"1":{"start":{"line":12,"column":21},"end":{"line":12,"column":30}},"2":{"start":{"line":13,"column":34},"end":{"line":13,"column":46}},"3":{"start":{"line":14,"column":36},"end":{"line":14,"column":48}},"4":{"start":{"line":15,"column":34},"end":{"line":15,"column":48}},"5":{"start":{"line":17,"column":4},"end":{"line":19,"column":11}},"6":{"start":{"line":18,"column":8},"end":{"line":18,"column":28}},"7":{"start":{"line":21,"column":30},"end":{"line":35,"column":5}},"8":{"start":{"line":22,"column":8},"end":{"line":34,"column":9}},"9":{"start":{"line":23,"column":48},"end":{"line":26,"column":14}},"10":{"start":{"line":28,"column":12},"end":{"line":28,"column":50}},"11":{"start":{"line":29,"column":12},"end":{"line":29,"column":53}},"12":{"start":{"line":31,"column":12},"end":{"line":31,"column":61}},"13":{"start":{"line":33,"column":12},"end":{"line":33,"column":30}},"14":{"start":{"line":37,"column":34},"end":{"line":41,"column":5}},"15":{"start":{"line":38,"column":8},"end":{"line":38,"column":44}},"16":{"start":{"line":38,"column":35},"end":{"line":38,"column":44}},"17":{"start":{"line":39,"column":22},"end":{"line":39,"column":79}},"18":{"start":{"line":39,"column":56},"end":{"line":39,"column":75}},"19":{"start":{"line":40,"column":8},"end":{"line":40,"column":52}},"20":{"start":{"line":43,"column":4},"end":{"line":45,"column":5}},"21":{"start":{"line":44,"column":8},"end":{"line":44,"column":67}},"22":{"start":{"line":47,"column":4},"end":{"line":106,"column":6}},"23":{"start":{"line":76,"column":24},"end":{"line":76,"column":70}},"24":{"start":{"line":88,"column":24},"end":{"line":98,"column":30}}},"fnMap":{"0":{"name":"(anonymous_0)","decl":{"start":{"line":11,"column":18},"end":{"line":11,"column":19}},"loc":{"start":{"line":11,"column":24},"end":{"line":107,"column":1}},"line":11},"1":{"name":"(anonymous_1)","decl":{"start":{"line":17,"column":14},"end":{"line":17,"column":15}},"loc":{"start":{"line":17,"column":20},"end":{"line":19,"column":5}},"line":17},"2":{"name":"(anonymous_2)","decl":{"start":{"line":21,"column":30},"end":{"line":21,"column":31}},"loc":{"start":{"line":21,"column":42},"end":{"line":35,"column":5}},"line":21},"3":{"name":"(anonymous_3)","decl":{"start":{"line":37,"column":34},"end":{"line":37,"column":35}},"loc":{"start":{"line":37,"column":40},"end":{"line":41,"column":5}},"line":37},"4":{"name":"(anonymous_4)","decl":{"start":{"line":39,"column":38},"end":{"line":39,"column":39}},"loc":{"start":{"line":39,"column":56},"end":{"line":39,"column":75}},"line":39},"5":{"name":"(anonymous_5)","decl":{"start":{"line":75,"column":45},"end":{"line":75,"column":46}},"loc":{"start":{"line":76,"column":24},"end":{"line":76,"column":70}},"line":76},"6":{"name":"(anonymous_6)","decl":{"start":{"line":87,"column":46},"end":{"line":87,"column":47}},"loc":{"start":{"line":88,"column":24},"end":{"line":98,"column":30}},"line":88}},"branchMap":{"0":{"loc":{"start":{"line":28,"column":23},"end":{"line":28,"column":48}},"type":"binary-expr","locations":[{"start":{"line":28,"column":23},"end":{"line":28,"column":42}},{"start":{"line":28,"column":46},"end":{"line":28,"column":48}}],"line":28},"1":{"loc":{"start":{"line":29,"column":24},"end":{"line":29,"column":51}},"type":"binary-expr","locations":[{"start":{"line":29,"column":24},"end":{"line":29,"column":45}},{"start":{"line":29,"column":49},"end":{"line":29,"column":51}}],"line":29},"2":{"loc":{"start":{"line":38,"column":8},"end":{"line":38,"column":44}},"type":"if","locations":[{"start":{"line":38,"column":8},"end":{"line":38,"column":44}},{"start":{},"end":{}}],"line":38},"3":{"loc":{"start":{"line":43,"column":4},"end":{"line":45,"column":5}},"type":"if","locations":[{"start":{"line":43,"column":4},"end":{"line":45,"column":5}},{"start":{},"end":{}}],"line":43},"4":{"loc":{"start":{"line":79,"column":17},"end":{"line":81,"column":17}},"type":"binary-expr","locations":[{"start":{"line":79,"column":17},"end":{"line":79,"column":37}},{"start":{"line":80,"column":20},"end":{"line":80,"column":78}}],"line":79},"5":{"loc":{"start":{"line":95,"column":61},"end":{"line":95,"column":98}},"type":"cond-expr","locations":[{"start":{"line":95,"column":83},"end":{"line":95,"column":89}},{"start":{"line":95,"column":92},"end":{"line":95,"column":98}}],"line":95},"6":{"loc":{"start":{"line":101,"column":17},"end":{"line":103,"column":17}},"type":"binary-expr","locations":[{"start":{"line":101,"column":17},"end":{"line":101,"column":38}},{"start":{"line":102,"column":20},"end":{"line":102,"column":87}}],"line":101}},"s":{"0":1,"1":0,"2":0,"3":0,"4":0,"5":0,"6":0,"7":0,"8":0,"9":0,"10":0,"11":0,"12":0,"13":0,"14":0,"15":0,"16":0,"17":0,"18":0,"19":0,"20":0,"21":0,"22":0,"23":0,"24":0},"f":{"0":0,"1":0,"2":0,"3":0,"4":0,"5":0,"6":0},"b":{"0":[0,0],"1":[0,0],"2":[0,0],"3":[0,0],"4":[0,0],"5":[0,0],"6":[0,0]},"_coverageSchema":"1a1c01bbd47fc00a2c39e90264f33305004495a9","hash":"039e5f1175ec4059129bf808bc49906ea24b3d7e"}
,"C:\\Users\\HP\\Desktop\\smartpath\\frontend\\src\\pages\\Home.js": {"path":"C:\\Users\\HP\\Desktop\\smartpath\\frontend\\src\\pages\\Home.js","statementMap":{"0":{"start":{"line":9,"column":13},"end":{"line":103,"column":1}},"1":{"start":{"line":10,"column":30},"end":{"line":10,"column":39}},"2":{"start":{"line":12,"column":2},"end":{"line":102,"column":4}}},"fnMap":{"0":{"name":"(anonymous_0)","decl":{"start":{"line":9,"column":13},"end":{"line":9,"column":14}},"loc":{"start":{"line":9,"column":19},"end":{"line":103,"column":1}},"line":9}},"branchMap":{"0":{"loc":{"start":{"line":22,"column":13},"end":{"line":40,"column":13}},"type":"cond-expr","locations":[{"start":{"line":23,"column":14},"end":{"line":30,"column":17}},{"start":{"line":32,"column":14},"end":{"line":39,"column":17}}],"line":22},"1":{"loc":{"start":{"line":95,"column":9},"end":{"line":99,"column":9}},"type":"binary-expr","locations":[{"start":{"line":95,"column":9},"end":{"line":95,"column":27}},{"start":{"line":96,"column":10},"end":{"line":98,"column":17}}],"line":95}},"s":{"0":1,"1":0,"2":0},"f":{"0":0},"b":{"0":[0,0],"1":[0,0]},"_coverageSchema":"1a1c01bbd47fc00a2c39e90264f33305004495a9","hash":"dc4380a5545ffd7f6ee474f5cd56d4cd430129c6"}
,"C:\\Users\\HP\\Desktop\\smartpath\\frontend\\src\\pages\\Login.js": {"path":"C:\\Users\\HP\\Desktop\\smartpath\\frontend\\src\\pages\\Login.js","statementMap":{"0":{"start":{"line":9,"column":14},"end":{"line":78,"column":1}},"1":{"start":{"line":10,"column":30},"end":{"line":10,"column":42}},"2":{"start":{"line":11,"column":36},"end":{"line":11,"column":48}},"3":{"start":{"line":12,"column":30},"end":{"line":12,"column":42}},"4":{"start":{"line":13,"column":34},"end":{"line":13,"column":49}},"5":{"start":{"line":15,"column":22},"end":{"line":15,"column":31}},"6":{"start":{"line":16,"column":21},"end":{"line":16,"column":34}},"7":{"start":{"line":18,"column":25},"end":{"line":32,"column":5}},"8":{"start":{"line":19,"column":8},"end":{"line":19,"column":27}},"9":{"start":{"line":20,"column":8},"end":{"line":20,"column":21}},"10":{"start":{"line":21,"column":8},"end":{"line":21,"column":25}},"11":{"start":{"line":23,"column":23},"end":{"line":23,"column":51}},"12":{"start":{"line":25,"column":8},"end":{"line":29,"column":9}},"13":{"start":{"line":26,"column":12},"end":{"line":26,"column":35}},"14":{"start":{"line":28,"column":12},"end":{"line":28,"column":35}},"15":{"start":{"line":31,"column":8},"end":{"line":31,"column":26}},"16":{"start":{"line":34,"column":4},"end":{"line":77,"column":6}},"17":{"start":{"line":49,"column":45},"end":{"line":49,"column":69}},"18":{"start":{"line":61,"column":45},"end":{"line":61,"column":72}}},"fnMap":{"0":{"name":"(anonymous_0)","decl":{"start":{"line":9,"column":14},"end":{"line":9,"column":15}},"loc":{"start":{"line":9,"column":20},"end":{"line":78,"column":1}},"line":9},"1":{"name":"(anonymous_1)","decl":{"start":{"line":18,"column":25},"end":{"line":18,"column":26}},"loc":{"start":{"line":18,"column":38},"end":{"line":32,"column":5}},"line":18},"2":{"name":"(anonymous_2)","decl":{"start":{"line":49,"column":38},"end":{"line":49,"column":39}},"loc":{"start":{"line":49,"column":45},"end":{"line":49,"column":69}},"line":49},"3":{"name":"(anonymous_3)","decl":{"start":{"line":61,"column":38},"end":{"line":61,"column":39}},"loc":{"start":{"line":61,"column":45},"end":{"line":61,"column":72}},"line":61}},"branchMap":{"0":{"loc":{"start":{"line":25,"column":8},"end":{"line":29,"column":9}},"type":"if","locations":[{"start":{"line":25,"column":8},"end":{"line":29,"column":9}},{"start":{"line":27,"column":15},"end":{"line":29,"column":9}}],"line":25},"1":{"loc":{"start":{"line":40,"column":17},"end":{"line":40,"column":70}},"type":"binary-expr","locations":[{"start":{"line":40,"column":17},"end":{"line":40,"column":22}},{"start":{"line":40,"column":26},"end":{"line":40,"column":70}}],"line":40},"2":{"loc":{"start":{"line":68,"column":25},"end":{"line":68,"column":60}},"type":"cond-expr","locations":[{"start":{"line":68,"column":35},"end":{"line":68,"column":50}},{"start":{"line":68,"column":53},"end":{"line":68,"column":60}}],"line":68}},"s":{"0":1,"1":0,"2":0,"3":0,"4":0,"5":0,"6":0,"7":0,"8":0,"9":0,"10":0,"11":0,"12":0,"13":0,"14":0,"15":0,"16":0,"17":0,"18":0},"f":{"0":0,"1":0,"2":0,"3":0},"b":{"0":[0,0],"1":[0,0],"2":[0,0]},"_coverageSchema":"1a1c01bbd47fc00a2c39e90264f33305004495a9","hash":"13370401c0ae4f3df0a37ecfcd66cfedbaefa988"}
,"C:\\Users\\HP\\Desktop\\smartpath\\frontend\\src\\pages\\Profile.js": {"path":"C:\\Users\\HP\\Desktop\\smartpath\\frontend\\src\\pages\\Profile.js","statementMap":{"0":{"start":{"line":8,"column":16},"end":{"line":132,"column":1}},"1":{"start":{"line":9,"column":36},"end":{"line":9,"column":45}},"2":{"start":{"line":10,"column":34},"end":{"line":10,"column":49}},"3":{"start":{"line":11,"column":36},"end":{"line":14,"column":6}},"4":{"start":{"line":15,"column":34},"end":{"line":15,"column":46}},"5":{"start":{"line":16,"column":30},"end":{"line":16,"column":42}},"6":{"start":{"line":18,"column":25},"end":{"line":23,"column":5}},"7":{"start":{"line":19,"column":8},"end":{"line":22,"column":11}},"8":{"start":{"line":25,"column":25},"end":{"line":38,"column":5}},"9":{"start":{"line":26,"column":8},"end":{"line":26,"column":27}},"10":{"start":{"line":27,"column":8},"end":{"line":27,"column":23}},"11":{"start":{"line":28,"column":8},"end":{"line":28,"column":21}},"12":{"start":{"line":30,"column":23},"end":{"line":30,"column":52}},"13":{"start":{"line":32,"column":8},"end":{"line":37,"column":9}},"14":{"start":{"line":33,"column":12},"end":{"line":33,"column":56}},"15":{"start":{"line":34,"column":12},"end":{"line":34,"column":30}},"16":{"start":{"line":36,"column":12},"end":{"line":36,"column":35}},"17":{"start":{"line":40,"column":25},"end":{"line":47,"column":5}},"18":{"start":{"line":41,"column":8},"end":{"line":44,"column":11}},"19":{"start":{"line":45,"column":8},"end":{"line":45,"column":26}},"20":{"start":{"line":46,"column":8},"end":{"line":46,"column":21}},"21":{"start":{"line":49,"column":4},"end":{"line":131,"column":6}},"22":{"start":{"line":123,"column":79},"end":{"line":123,"column":95}}},"fnMap":{"0":{"name":"(anonymous_0)","decl":{"start":{"line":8,"column":16},"end":{"line":8,"column":17}},"loc":{"start":{"line":8,"column":22},"end":{"line":132,"column":1}},"line":8},"1":{"name":"(anonymous_1)","decl":{"start":{"line":18,"column":25},"end":{"line":18,"column":26}},"loc":{"start":{"line":18,"column":32},"end":{"line":23,"column":5}},"line":18},"2":{"name":"(anonymous_2)","decl":{"start":{"line":25,"column":25},"end":{"line":25,"column":26}},"loc":{"start":{"line":25,"column":38},"end":{"line":38,"column":5}},"line":25},"3":{"name":"(anonymous_3)","decl":{"start":{"line":40,"column":25},"end":{"line":40,"column":26}},"loc":{"start":{"line":40,"column":31},"end":{"line":47,"column":5}},"line":40},"4":{"name":"(anonymous_4)","decl":{"start":{"line":123,"column":73},"end":{"line":123,"column":74}},"loc":{"start":{"line":123,"column":79},"end":{"line":123,"column":95}},"line":123}},"branchMap":{"0":{"loc":{"start":{"line":32,"column":8},"end":{"line":37,"column":9}},"type":"if","locations":[{"start":{"line":32,"column":8},"end":{"line":37,"column":9}},{"start":{"line":35,"column":15},"end":{"line":37,"column":9}}],"line":32},"1":{"loc":{"start":{"line":54,"column":17},"end":{"line":54,"column":76}},"type":"binary-expr","locations":[{"start":{"line":54,"column":17},"end":{"line":54,"column":24}},{"start":{"line":54,"column":28},"end":{"line":54,"column":76}}],"line":54},"2":{"loc":{"start":{"line":55,"column":17},"end":{"line":55,"column":70}},"type":"binary-expr","locations":[{"start":{"line":55,"column":17},"end":{"line":55,"column":22}},{"start":{"line":55,"column":26},"end":{"line":55,"column":70}}],"line":55},"3":{"loc":{"start":{"line":64,"column":21},"end":{"line":127,"column":21}},"type":"cond-expr","locations":[{"start":{"line":65,"column":24},"end":{"line":98,"column":31}},{"start":{"line":100,"column":24},"end":{"line":126,"column":30}}],"line":64}},"s":{"0":1,"1":0,"2":0,"3":0,"4":0,"5":0,"6":0,"7":0,"8":0,"9":0,"10":0,"11":0,"12":0,"13":0,"14":0,"15":0,"16":0,"17":0,"18":0,"19":0,"20":0,"21":0,"22":0},"f":{"0":0,"1":0,"2":0,"3":0,"4":0},"b":{"0":[0,0],"1":[0,0],"2":[0,0],"3":[0,0]},"_coverageSchema":"1a1c01bbd47fc00a2c39e90264f33305004495a9","hash":"cbee024c049f55e6d448fa872940cc302ce0ee5e"}
,"C:\\Users\\HP\\Desktop\\smartpath\\frontend\\src\\pages\\Quiz.js": {"path":"C:\\Users\\HP\\Desktop\\smartpath\\frontend\\src\\pages\\Quiz.js","statementMap":{"0":{"start":{"line":9,"column":13},"end":{"line":115,"column":1}},"1":{"start":{"line":10,"column":19},"end":{"line":10,"column":30}},"2":{"start":{"line":11,"column":21},"end":{"line":11,"column":34}},"3":{"start":{"line":12,"column":28},"end":{"line":12,"column":42}},"4":{"start":{"line":13,"column":34},"end":{"line":13,"column":46}},"5":{"start":{"line":14,"column":34},"end":{"line":14,"column":48}},"6":{"start":{"line":15,"column":40},"end":{"line":15,"column":55}},"7":{"start":{"line":17,"column":4},"end":{"line":19,"column":13}},"8":{"start":{"line":18,"column":8},"end":{"line":18,"column":19}},"9":{"start":{"line":21,"column":21},"end":{"line":30,"column":5}},"10":{"start":{"line":22,"column":8},"end":{"line":29,"column":9}},"11":{"start":{"line":23,"column":25},"end":{"line":23,"column":58}},"12":{"start":{"line":24,"column":12},"end":{"line":24,"column":31}},"13":{"start":{"line":26,"column":12},"end":{"line":26,"column":56}},"14":{"start":{"line":28,"column":12},"end":{"line":28,"column":30}},"15":{"start":{"line":32,"column":31},"end":{"line":37,"column":5}},"16":{"start":{"line":33,"column":8},"end":{"line":36,"column":11}},"17":{"start":{"line":39,"column":25},"end":{"line":58,"column":5}},"18":{"start":{"line":40,"column":8},"end":{"line":40,"column":27}},"19":{"start":{"line":43,"column":8},"end":{"line":46,"column":9}},"20":{"start":{"line":44,"column":12},"end":{"line":44,"column":68}},"21":{"start":{"line":45,"column":12},"end":{"line":45,"column":19}},"22":{"start":{"line":48,"column":8},"end":{"line":48,"column":28}},"23":{"start":{"line":49,"column":8},"end":{"line":57,"column":9}},"24":{"start":{"line":50,"column":27},"end":{"line":50,"column":60}},"25":{"start":{"line":51,"column":12},"end":{"line":51,"column":81}},"26":{"start":{"line":53,"column":12},"end":{"line":53,"column":59}},"27":{"start":{"line":54,"column":12},"end":{"line":54,"column":62}},"28":{"start":{"line":56,"column":12},"end":{"line":56,"column":33}},"29":{"start":{"line":60,"column":4},"end":{"line":62,"column":5}},"30":{"start":{"line":61,"column":8},"end":{"line":61,"column":62}},"31":{"start":{"line":64,"column":4},"end":{"line":66,"column":5}},"32":{"start":{"line":65,"column":8},"end":{"line":65,"column":60}},"33":{"start":{"line":68,"column":4},"end":{"line":114,"column":6}},"34":{"start":{"line":80,"column":20},"end":{"line":100,"column":26}},"35":{"start":{"line":86,"column":32},"end":{"line":97,"column":40}},"36":{"start":{"line":92,"column":56},"end":{"line":92,"column":95}}},"fnMap":{"0":{"name":"(anonymous_0)","decl":{"start":{"line":9,"column":13},"end":{"line":9,"column":14}},"loc":{"start":{"line":9,"column":19},"end":{"line":115,"column":1}},"line":9},"1":{"name":"(anonymous_1)","decl":{"start":{"line":17,"column":14},"end":{"line":17,"column":15}},"loc":{"start":{"line":17,"column":20},"end":{"line":19,"column":5}},"line":17},"2":{"name":"(anonymous_2)","decl":{"start":{"line":21,"column":21},"end":{"line":21,"column":22}},"loc":{"start":{"line":21,"column":33},"end":{"line":30,"column":5}},"line":21},"3":{"name":"(anonymous_3)","decl":{"start":{"line":32,"column":31},"end":{"line":32,"column":32}},"loc":{"start":{"line":32,"column":55},"end":{"line":37,"column":5}},"line":32},"4":{"name":"(anonymous_4)","decl":{"start":{"line":39,"column":25},"end":{"line":39,"column":26}},"loc":{"start":{"line":39,"column":38},"end":{"line":58,"column":5}},"line":39},"5":{"name":"(anonymous_5)","decl":{"start":{"line":79,"column":36},"end":{"line":79,"column":37}},"loc":{"start":{"line":80,"column":20},"end":{"line":100,"column":26}},"line":80},"6":{"name":"(anonymous_6)","decl":{"start":{"line":85,"column":54},"end":{"line":85,"column":55}},"loc":{"start":{"line":86,"column":32},"end":{"line":97,"column":40}},"line":86},"7":{"name":"(anonymous_7)","decl":{"start":{"line":92,"column":50},"end":{"line":92,"column":51}},"loc":{"start":{"line":92,"column":56},"end":{"line":92,"column":95}},"line":92}},"branchMap":{"0":{"loc":{"start":{"line":43,"column":8},"end":{"line":46,"column":9}},"type":"if","locations":[{"start":{"line":43,"column":8},"end":{"line":46,"column":9}},{"start":{},"end":{}}],"line":43},"1":{"loc":{"start":{"line":60,"column":4},"end":{"line":62,"column":5}},"type":"if","locations":[{"start":{"line":60,"column":4},"end":{"line":62,"column":5}},{"start":{},"end":{}}],"line":60},"2":{"loc":{"start":{"line":64,"column":4},"end":{"line":66,"column":5}},"type":"if","locations":[{"start":{"line":64,"column":4},"end":{"line":66,"column":5}},{"start":{},"end":{}}],"line":64},"3":{"loc":{"start":{"line":109,"column":25},"end":{"line":109,"column":69}},"type":"cond-expr","locations":[{"start":{"line":109,"column":38},"end":{"line":109,"column":53}},{"start":{"line":109,"column":56},"end":{"line":109,"column":69}}],"line":109}},"s":{"0":1,"1":0,"2":0,"3":0,"4":0,"5":0,"6":0,"7":0,"8":0,"9":0,"10":0,"11":0,"12":0,"13":0,"14":0,"15":0,"16":0,"17":0,"18":0,"19":0,"20":0,"21":0,"22":0,"23":0,"24":0,"25":0,"26":0,"27":0,"28":0,"29":0,"30":0,"31":0,"32":0,"33":0,"34":0,"35":0,"36":0},"f":{"0":0,"1":0,"2":0,"3":0,"4":0,"5":0,"6":0,"7":0},"b":{"0":[0,0],"1":[0,0],"2":[0,0],"3":[0,0]},"_coverageSchema":"1a1c01bbd47fc00a2c39e90264f33305004495a9","hash":"44b3589599e7afd14aa28fda485f49f8b432892e"}
,"C:\\Users\\HP\\Desktop\\smartpath\\frontend\\src\\pages\\QuizResult.js": {"path":"C:\\Users\\HP\\Desktop\\smartpath\\frontend\\src\\pages\\QuizResult.js","statementMap":{"0":{"start":{"line":8,"column":19},"end":{"line":71,"column":1}},"1":{"start":{"line":9,"column":21},"end":{"line":9,"column":34}},"2":{"start":{"line":10,"column":19},"end":{"line":10,"column":30}},"3":{"start":{"line":11,"column":19},"end":{"line":11,"column":41}},"4":{"start":{"line":13,"column":4},"end":{"line":20,"column":5}},"5":{"start":{"line":14,"column":8},"end":{"line":19,"column":10}},"6":{"start":{"line":22,"column":23},"end":{"line":22,"column":35}},"7":{"start":{"line":23,"column":19},"end":{"line":23,"column":35}},"8":{"start":{"line":25,"column":4},"end":{"line":70,"column":6}}},"fnMap":{"0":{"name":"(anonymous_0)","decl":{"start":{"line":8,"column":19},"end":{"line":8,"column":20}},"loc":{"start":{"line":8,"column":25},"end":{"line":71,"column":1}},"line":8}},"branchMap":{"0":{"loc":{"start":{"line":13,"column":4},"end":{"line":20,"column":5}},"type":"if","locations":[{"start":{"line":13,"column":4},"end":{"line":20,"column":5}},{"start":{},"end":{}}],"line":13},"1":{"loc":{"start":{"line":28,"column":47},"end":{"line":28,"column":71}},"type":"cond-expr","locations":[{"start":{"line":28,"column":56},"end":{"line":28,"column":62}},{"start":{"line":28,"column":65},"end":{"line":28,"column":71}}],"line":28},"2":{"loc":{"start":{"line":29,"column":21},"end":{"line":29,"column":41}},"type":"cond-expr","locations":[{"start":{"line":29,"column":30},"end":{"line":29,"column":34}},{"start":{"line":29,"column":37},"end":{"line":29,"column":41}}],"line":29},"3":{"loc":{"start":{"line":32,"column":21},"end":{"line":32,"column":67}},"type":"cond-expr","locations":[{"start":{"line":32,"column":30},"end":{"line":32,"column":48}},{"start":{"line":32,"column":51},"end":{"line":32,"column":67}}],"line":32},"4":{"loc":{"start":{"line":46,"column":57},"end":{"line":46,"column":91}},"type":"cond-expr","locations":[{"start":{"line":46,"column":66},"end":{"line":46,"column":77}},{"start":{"line":46,"column":80},"end":{"line":46,"column":91}}],"line":46},"5":{"loc":{"start":{"line":47,"column":29},"end":{"line":47,"column":71}},"type":"cond-expr","locations":[{"start":{"line":47,"column":38},"end":{"line":47,"column":48}},{"start":{"line":47,"column":51},"end":{"line":47,"column":71}}],"line":47},"6":{"loc":{"start":{"line":53,"column":21},"end":{"line":57,"column":21}},"type":"cond-expr","locations":[{"start":{"line":54,"column":24},"end":{"line":54,"column":100}},{"start":{"line":56,"column":24},"end":{"line":56,"column":87}}],"line":53}},"s":{"0":1,"1":0,"2":0,"3":0,"4":0,"5":0,"6":0,"7":0,"8":0},"f":{"0":0},"b":{"0":[0,0],"1":[0,0],"2":[0,0],"3":[0,0],"4":[0,0],"5":[0,0],"6":[0,0]},"_coverageSchema":"1a1c01bbd47fc00a2c39e90264f33305004495a9","hash":"263ebd973b9260c65d0db23c2ce7e2729e7c5fb4"}
,"C:\\Users\\HP\\Desktop\\smartpath\\frontend\\src\\pages\\Register.js": {"path":"C:\\Users\\HP\\Desktop\\smartpath\\frontend\\src\\pages\\Register.js","statementMap":{"0":{"start":{"line":9,"column":17},"end":{"line":128,"column":1}},"1":{"start":{"line":10,"column":36},"end":{"line":15,"column":6}},"2":{"start":{"line":16,"column":30},"end":{"line":16,"column":42}},"3":{"start":{"line":17,"column":34},"end":{"line":17,"column":49}},"4":{"start":{"line":19,"column":25},"end":{"line":19,"column":34}},"5":{"start":{"line":20,"column":21},"end":{"line":20,"column":34}},"6":{"start":{"line":22,"column":25},"end":{"line":27,"column":5}},"7":{"start":{"line":23,"column":8},"end":{"line":26,"column":11}},"8":{"start":{"line":29,"column":25},"end":{"line":54,"column":5}},"9":{"start":{"line":30,"column":8},"end":{"line":30,"column":27}},"10":{"start":{"line":31,"column":8},"end":{"line":31,"column":21}},"11":{"start":{"line":34,"column":8},"end":{"line":37,"column":9}},"12":{"start":{"line":35,"column":12},"end":{"line":35,"column":47}},"13":{"start":{"line":36,"column":12},"end":{"line":36,"column":19}},"14":{"start":{"line":39,"column":8},"end":{"line":42,"column":9}},"15":{"start":{"line":40,"column":12},"end":{"line":40,"column":63}},"16":{"start":{"line":41,"column":12},"end":{"line":41,"column":19}},"17":{"start":{"line":44,"column":8},"end":{"line":44,"column":25}},"18":{"start":{"line":45,"column":23},"end":{"line":45,"column":87}},"19":{"start":{"line":47,"column":8},"end":{"line":51,"column":9}},"20":{"start":{"line":48,"column":12},"end":{"line":48,"column":35}},"21":{"start":{"line":50,"column":12},"end":{"line":50,"column":35}},"22":{"start":{"line":53,"column":8},"end":{"line":53,"column":26}},"23":{"start":{"line":56,"column":4},"end":{"line":127,"column":6}}},"fnMap":{"0":{"name":"(anonymous_0)","decl":{"start":{"line":9,"column":17},"end":{"line":9,"column":18}},"loc":{"start":{"line":9,"column":23},"end":{"line":128,"column":1}},"line":9},"1":{"name":"(anonymous_1)","decl":{"start":{"line":22,"column":25},"end":{"line":22,"column":26}},"loc":{"start":{"line":22,"column":32},"end":{"line":27,"column":5}},"line":22},"2":{"name":"(anonymous_2)","decl":{"start":{"line":29,"column":25},"end":{"line":29,"column":26}},"loc":{"start":{"line":29,"column":38},"end":{"line":54,"column":5}},"line":29}},"branchMap":{"0":{"loc":{"start":{"line":34,"column":8},"end":{"line":37,"column":9}},"type":"if","locations":[{"start":{"line":34,"column":8},"end":{"line":37,"column":9}},{"start":{},"end":{}}],"line":34},"1":{"loc":{"start":{"line":39,"column":8},"end":{"line":42,"column":9}},"type":"if","locations":[{"start":{"line":39,"column":8},"end":{"line":42,"column":9}},{"start":{},"end":{}}],"line":39},"2":{"loc":{"start":{"line":47,"column":8},"end":{"line":51,"column":9}},"type":"if","locations":[{"start":{"line":47,"column":8},"end":{"line":51,"column":9}},{"start":{"line":49,"column":15},"end":{"line":51,"column":9}}],"line":47},"3":{"loc":{"start":{"line":62,"column":17},"end":{"line":62,"column":70}},"type":"binary-expr","locations":[{"start":{"line":62,"column":17},"end":{"line":62,"column":22}},{"start":{"line":62,"column":26},"end":{"line":62,"column":70}}],"line":62},"4":{"loc":{"start":{"line":118,"column":25},"end":{"line":118,"column":69}},"type":"cond-expr","locations":[{"start":{"line":118,"column":35},"end":{"line":118,"column":56}},{"start":{"line":118,"column":59},"end":{"line":118,"column":69}}],"line":118}},"s":{"0":1,"1":0,"2":0,"3":0,"4":0,"5":0,"6":0,"7":0,"8":0,"9":0,"10":0,"11":0,"12":0,"13":0,"14":0,"15":0,"16":0,"17":0,"18":0,"19":0,"20":0,"21":0,"22":0,"23":0},"f":{"0":0,"1":0,"2":0},"b":{"0":[0,0],"1":[0,0],"2":[0,0],"3":[0,0],"4":[0,0]},"_coverageSchema":"1a1c01bbd47fc00a2c39e90264f33305004495a9","hash":"a50f2aea097f99bd692cc9b1cf4d0340cd3a6120"}
,"C:\\Users\\HP\\Desktop\\smartpath\\frontend\\src\\services\\api.js": {"path":"C:\\Users\\HP\\Desktop\\smartpath\\frontend\\src\\services\\api.js","statementMap":{"0":{"start":{"line":6,"column":21},"end":{"line":6,"column":48}},"1":{"start":{"line":9,"column":23},"end":{"line":15,"column":1}},"2":{"start":{"line":10,"column":17},"end":{"line":10,"column":65}},"3":{"start":{"line":11,"column":4},"end":{"line":14,"column":6}},"4":{"start":{"line":18,"column":23},"end":{"line":24,"column":1}},"5":{"start":{"line":19,"column":4},"end":{"line":22,"column":5}},"6":{"start":{"line":20,"column":22},"end":{"line":20,"column":85}},"7":{"start":{"line":20,"column":57},"end":{"line":20,"column":83}},"8":{"start":{"line":21,"column":8},"end":{"line":21,"column":63}},"9":{"start":{"line":23,"column":4},"end":{"line":23,"column":27}},"10":{"start":{"line":27,"column":23},"end":{"line":61,"column":1}},"11":{"start":{"line":29,"column":25},"end":{"line":33,"column":10}},"12":{"start":{"line":34,"column":8},"end":{"line":34,"column":40}},"13":{"start":{"line":38,"column":25},"end":{"line":42,"column":10}},"14":{"start":{"line":43,"column":8},"end":{"line":43,"column":40}},"15":{"start":{"line":47,"column":25},"end":{"line":49,"column":10}},"16":{"start":{"line":50,"column":8},"end":{"line":50,"column":40}},"17":{"start":{"line":54,"column":25},"end":{"line":58,"column":10}},"18":{"start":{"line":59,"column":8},"end":{"line":59,"column":40}},"19":{"start":{"line":64,"column":25},"end":{"line":100,"column":1}},"20":{"start":{"line":66,"column":25},"end":{"line":66,"column":64}},"21":{"start":{"line":67,"column":8},"end":{"line":67,"column":40}},"22":{"start":{"line":71,"column":25},"end":{"line":71,"column":69}},"23":{"start":{"line":72,"column":8},"end":{"line":72,"column":40}},"24":{"start":{"line":76,"column":25},"end":{"line":80,"column":10}},"25":{"start":{"line":81,"column":8},"end":{"line":81,"column":40}},"26":{"start":{"line":85,"column":25},"end":{"line":89,"column":10}},"27":{"start":{"line":90,"column":8},"end":{"line":90,"column":40}},"28":{"start":{"line":94,"column":25},"end":{"line":97,"column":10}},"29":{"start":{"line":98,"column":8},"end":{"line":98,"column":40}},"30":{"start":{"line":103,"column":23},"end":{"line":147,"column":1}},"31":{"start":{"line":105,"column":25},"end":{"line":105,"column":64}},"32":{"start":{"line":106,"column":8},"end":{"line":106,"column":40}},"33":{"start":{"line":110,"column":25},"end":{"line":112,"column":10}},"34":{"start":{"line":113,"column":8},"end":{"line":113,"column":40}},"35":{"start":{"line":117,"column":25},"end":{"line":121,"column":10}},"36":{"start":{"line":122,"column":8},"end":{"line":122,"column":40}},"37":{"start":{"line":126,"column":25},"end":{"line":130,"column":10}},"38":{"start":{"line":131,"column":8},"end":{"line":131,"column":40}},"39":{"start":{"line":135,"column":25},"end":{"line":137,"column":10}},"40":{"start":{"line":138,"column":8},"end":{"line":138,"column":40}},"41":{"start":{"line":142,"column":25},"end":{"line":144,"column":10}},"42":{"start":{"line":145,"column":8},"end":{"line":145,"column":40}},"43":{"start":{"line":150,"column":24},"end":{"line":180,"column":1}},"44":{"start":{"line":152,"column":25},"end":{"line":154,"column":10}},"45":{"start":{"line":155,"column":8},"end":{"line":155,"column":40}},"46":{"start":{"line":159,"column":25},"end":{"line":161,"column":10}},"47":{"start":{"line":162,"column":8},"end":{"line":162,"column":40}},"48":{"start":{"line":166,"column":25},"end":{"line":170,"column":10}},"49":{"start":{"line":171,"column":8},"end":{"line":171,"column":40}},"50":{"start":{"line":175,"column":25},"end":{"line":177,"column":10}},"51":{"start":{"line":178,"column":8},"end":{"line":178,"column":40}},"52":{"start":{"line":183,"column":27},"end":{"line":186,"column":1}},"53":{"start":{"line":184,"column":21},"end":{"line":184,"column":58}},"54":{"start":{"line":185,"column":4},"end":{"line":185,"column":36}}},"fnMap":{"0":{"name":"(anonymous_0)","decl":{"start":{"line":9,"column":23},"end":{"line":9,"column":24}},"loc":{"start":{"line":9,"column":29},"end":{"line":15,"column":1}},"line":9},"1":{"name":"(anonymous_1)","decl":{"start":{"line":18,"column":23},"end":{"line":18,"column":24}},"loc":{"start":{"line":18,"column":43},"end":{"line":24,"column":1}},"line":18},"2":{"name":"(anonymous_2)","decl":{"start":{"line":20,"column":50},"end":{"line":20,"column":51}},"loc":{"start":{"line":20,"column":57},"end":{"line":20,"column":83}},"line":20},"3":{"name":"(anonymous_3)","decl":{"start":{"line":28,"column":14},"end":{"line":28,"column":15}},"loc":{"start":{"line":28,"column":47},"end":{"line":35,"column":5}},"line":28},"4":{"name":"(anonymous_4)","decl":{"start":{"line":37,"column":11},"end":{"line":37,"column":12}},"loc":{"start":{"line":37,"column":38},"end":{"line":44,"column":5}},"line":37},"5":{"name":"(anonymous_5)","decl":{"start":{"line":46,"column":13},"end":{"line":46,"column":14}},"loc":{"start":{"line":46,"column":25},"end":{"line":51,"column":5}},"line":46},"6":{"name":"(anonymous_6)","decl":{"start":{"line":53,"column":16},"end":{"line":53,"column":17}},"loc":{"start":{"line":53,"column":32},"end":{"line":60,"column":5}},"line":53},"7":{"name":"(anonymous_7)","decl":{"start":{"line":65,"column":12},"end":{"line":65,"column":13}},"loc":{"start":{"line":65,"column":24},"end":{"line":68,"column":5}},"line":65},"8":{"name":"(anonymous_8)","decl":{"start":{"line":70,"column":13},"end":{"line":70,"column":14}},"loc":{"start":{"line":70,"column":27},"end":{"line":73,"column":5}},"line":70},"9":{"name":"(anonymous_9)","decl":{"start":{"line":75,"column":12},"end":{"line":75,"column":13}},"loc":{"start":{"line":75,"column":34},"end":{"line":82,"column":5}},"line":75},"10":{"name":"(anonymous_10)","decl":{"start":{"line":84,"column":12},"end":{"line":84,"column":13}},"loc":{"start":{"line":84,"column":38},"end":{"line":91,"column":5}},"line":84},"11":{"name":"(anonymous_11)","decl":{"start":{"line":93,"column":12},"end":{"line":93,"column":13}},"loc":{"start":{"line":93,"column":26},"end":{"line":99,"column":5}},"line":93},"12":{"name":"(anonymous_12)","decl":{"start":{"line":104,"column":12},"end":{"line":104,"column":13}},"loc":{"start":{"line":104,"column":24},"end":{"line":107,"column":5}},"line":104},"13":{"name":"(anonymous_13)","decl":{"start":{"line":109,"column":13},"end":{"line":109,"column":14}},"loc":{"start":{"line":109,"column":42},"end":{"line":114,"column":5}},"line":109},"14":{"name":"(anonymous_14)","decl":{"start":{"line":116,"column":12},"end":{"line":116,"column":13}},"loc":{"start":{"line":116,"column":32},"end":{"line":123,"column":5}},"line":116},"15":{"name":"(anonymous_15)","decl":{"start":{"line":125,"column":12},"end":{"line":125,"column":13}},"loc":{"start":{"line":125,"column":35},"end":{"line":132,"column":5}},"line":125},"16":{"name":"(anonymous_16)","decl":{"start":{"line":134,"column":16},"end":{"line":134,"column":17}},"loc":{"start":{"line":134,"column":30},"end":{"line":139,"column":5}},"line":134},"17":{"name":"(anonymous_17)","decl":{"start":{"line":141,"column":19},"end":{"line":141,"column":20}},"loc":{"start":{"line":141,"column":31},"end":{"line":146,"column":5}},"line":141},"18":{"name":"(anonymous_18)","decl":{"start":{"line":151,"column":14},"end":{"line":151,"column":15}},"loc":{"start":{"line":151,"column":26},"end":{"line":156,"column":5}},"line":151},"19":{"name":"(anonymous_19)","decl":{"start":{"line":158,"column":14},"end":{"line":158,"column":15}},"loc":{"start":{"line":158,"column":26},"end":{"line":163,"column":5}},"line":158},"20":{"name":"(anonymous_20)","decl":{"start":{"line":165,"column":20},"end":{"line":165,"column":21}},"loc":{"start":{"line":165,"column":44},"end":{"line":172,"column":5}},"line":165},"21":{"name":"(anonymous_21)","decl":{"start":{"line":174,"column":23},"end":{"line":174,"column":24}},"loc":{"start":{"line":174,"column":35},"end":{"line":179,"column":5}},"line":174},"22":{"name":"(anonymous_22)","decl":{"start":{"line":183,"column":27},"end":{"line":183,"column":28}},"loc":{"start":{"line":183,"column":39},"end":{"line":186,"column":1}},"line":183}},"branchMap":{"0":{"loc":{"start":{"line":10,"column":28},"end":{"line":10,"column":64}},"type":"binary-expr","locations":[{"start":{"line":10,"column":28},"end":{"line":10,"column":56}},{"start":{"line":10,"column":60},"end":{"line":10,"column":64}}],"line":10},"1":{"loc":{"start":{"line":13,"column":21},"end":{"line":13,"column":34}},"type":"binary-expr","locations":[{"start":{"line":13,"column":21},"end":{"line":13,"column":28}},{"start":{"line":13,"column":32},"end":{"line":13,"column":34}}],"line":13},"2":{"loc":{"start":{"line":19,"column":4},"end":{"line":22,"column":5}},"type":"if","locations":[{"start":{"line":19,"column":4},"end":{"line":22,"column":5}},{"start":{},"end":{}}],"line":19},"3":{"loc":{"start":{"line":21,"column":24},"end":{"line":21,"column":61}},"type":"binary-expr","locations":[{"start":{"line":21,"column":24},"end":{"line":21,"column":35}},{"start":{"line":21,"column":39},"end":{"line":21,"column":61}}],"line":21},"4":{"loc":{"start":{"line":109,"column":24},"end":{"line":109,"column":37}},"type":"default-arg","locations":[{"start":{"line":109,"column":31},"end":{"line":109,"column":37}}],"line":109}},"s":{"0":1,"1":1,"2":0,"3":0,"4":1,"5":0,"6":0,"7":0,"8":0,"9":0,"10":1,"11":0,"12":0,"13":0,"14":0,"15":0,"16":0,"17":0,"18":0,"19":1,"20":0,"21":0,"22":0,"23":0,"24":0,"25":0,"26":0,"27":0,"28":0,"29":0,"30":1,"31":0,"32":0,"33":0,"34":0,"35":0,"36":0,"37":0,"38":0,"39":0,"40":0,"41":0,"42":0,"43":1,"44":0,"45":0,"46":0,"47":0,"48":0,"49":0,"50":0,"51":0,"52":1,"53":0,"54":0},"f":{"0":0,"1":0,"2":0,"3":0,"4":0,"5":0,"6":0,"7":0,"8":0,"9":0,"10":0,"11":0,"12":0,"13":0,"14":0,"15":0,"16":0,"17":0,"18":0,"19":0,"20":0,"21":0,"22":0},"b":{"0":[0,0],"1":[0,0],"2":[0,0],"3":[0,0],"4":[0]},"_coverageSchema":"1a1c01bbd47fc00a2c39e90264f33305004495a9","hash":"a85f9ca4706d6faad5b2a12f71ad1059300674cc"}
}
